<?xml version="1.0" encoding="UTF-8"?>
<!-- Generated by org.testng.reporters.JUnitXMLReporter -->
<testsuite hostname="ARP-260" ignored="0" name="Default test" tests="4" failures="1" timestamp="31 Oct 2020 14:30:29 GMT" time="0.049" errors="0">
  <testcase name="Validate_AccountCreation_ProcessOne_8" time="0.0" classname="tests.LatestRegressionSuite_2">
    <failure type="org.testng.TestNGException" message="
Parameter &amp;apos;url&amp;apos; is required by @Test on method Validate_AccountCreation_ProcessOne_8 but has not been marked @Optional or defined
in C:\Users\saima.tabassum\AppData\Local\Temp\testng-eclipse--84082707\testng-customsuite.xml">
      <![CDATA[org.testng.TestNGException: Parameter 'url' is required by @Test on method Validate_AccountCreation_ProcessOne_8 but has not been marked @Optional or definedin C:\Users\saima.tabassum\AppData\Local\Temp\testng-eclipse--84082707\testng-customsuite.xmlat org.testng.internal.Parameters.createParams(Parameters.java:290)at org.testng.internal.Parameters.createParametersForMethod(Parameters.java:359)at org.testng.internal.Parameters.createParameters(Parameters.java:620)at org.testng.internal.Parameters.handleParameters(Parameters.java:769)at org.testng.internal.ParameterHandler.handleParameters(ParameterHandler.java:49)at org.testng.internal.ParameterHandler.createParameters(ParameterHandler.java:37)at org.testng.internal.Invoker.invokeTestMethods(Invoker.java:914)at org.testng.internal.TestMethodWorker.invokeTestMethods(TestMethodWorker.java:125)at org.testng.internal.TestMethodWorker.run(TestMethodWorker.java:109)at org.testng.TestRunner.privateRun(TestRunner.java:648)at org.testng.TestRunner.run(TestRunner.java:505)at org.testng.SuiteRunner.runTest(SuiteRunner.java:455)at org.testng.SuiteRunner.runSequentially(SuiteRunner.java:450)at org.testng.SuiteRunner.privateRun(SuiteRunner.java:415)at org.testng.SuiteRunner.run(SuiteRunner.java:364)at org.testng.SuiteRunnerWorker.runSuite(SuiteRunnerWorker.java:52)at org.testng.SuiteRunnerWorker.run(SuiteRunnerWorker.java:84)at org.testng.TestNG.runSuitesSequentially(TestNG.java:1187)at org.testng.TestNG.runSuitesLocally(TestNG.java:1116)at org.testng.TestNG.runSuites(TestNG.java:1028)at org.testng.TestNG.run(TestNG.java:996)at org.testng.remote.AbstractRemoteTestNG.run(AbstractRemoteTestNG.java:115)at org.testng.remote.RemoteTestNG.initAndRun(RemoteTestNG.java:251)at org.testng.remote.RemoteTestNG.main(RemoteTestNG.java:77)]]>
    </failure>
  </testcase> <!-- Validate_AccountCreation_ProcessOne_8 -->
  <testcase name="Validate_procurment_17" time="0.001" classname="tests.LatestRegressionSuite_2">
    <skipped/>
  </testcase> <!-- Validate_procurment_17 -->
  <testcase name="Validate_procurment_17_a" time="0.0" classname="tests.LatestRegressionSuite_2">
    <skipped/>
  </testcase> <!-- Validate_procurment_17_a -->
  <testcase name="Validate_procurment_17_b" time="0.0" classname="tests.LatestRegressionSuite_2">
    <skipped/>
  </testcase> <!-- Validate_procurment_17_b -->
</testsuite> <!-- Default test -->
