<?xml version="1.0" encoding="UTF-8"?>
<!-- Generated by org.testng.reporters.JUnitXMLReporter -->
<testsuite hostname="ARP-260" ignored="4" name="ValidateLinkTest" tests="61" failures="44" timestamp="20 Dec 2019 10:04:04 GMT" time="101.888" errors="0">
  <testcase name="ValidateLogin" time="11.16" classname="tests.OldSmokeTests">
    <failure type="java.lang.AssertionError" message="User is not being able to Login to the application expected [Marketplace - CCM] but found []">
      <![CDATA[java.lang.AssertionError: User is not being able to Login to the application expected [Marketplace - CCM] but found []at tests.OldSmokeTests.ValidateLogin(OldSmokeTests.java:61)... Removed 30 stack frames]]>
    </failure>
  </testcase> <!-- ValidateLogin -->
  <testcase name="ValidateMarkITPlacePage" time="0.084" classname="tests.OldSmokeTests">
    <failure type="java.lang.AssertionError" message="MarketPlace Link is not Present in the Dashboard expected [true] but found [false]">
      <![CDATA[java.lang.AssertionError: MarketPlace Link is not Present in the Dashboard expected [true] but found [false]at tests.OldSmokeTests.ValidateMarkITPlacePage(OldSmokeTests.java:90)... Removed 30 stack frames]]>
    </failure>
  </testcase> <!-- ValidateMarkITPlacePage -->
  <testcase name="ValidateDiscoverPage" time="0.044" classname="tests.OldSmokeTests">
    <failure type="java.lang.AssertionError" message="User not able to reach Discover page when clicking on discover link from the marketplace section expected [Discover - CCM] but found []">
      <![CDATA[java.lang.AssertionError: User not able to reach Discover page when clicking on discover link from the marketplace section expected [Discover - CCM] but found []at tests.OldSmokeTests.ValidateDiscoverPage(OldSmokeTests.java:179)... Removed 30 stack frames]]>
    </failure>
  </testcase> <!-- ValidateDiscoverPage -->
  <testcase name="ValidateApplicationPage" time="0.042" classname="tests.OldSmokeTests">
    <failure type="java.lang.AssertionError" message="User not able to reach Shop page when clicking on Application link from the marketplace section expected [Applications - CCM] but found []">
      <![CDATA[java.lang.AssertionError: User not able to reach Shop page when clicking on Application link from the marketplace section expected [Applications - CCM] but found []at tests.OldSmokeTests.ValidateApplicationPage(OldSmokeTests.java:205)... Removed 30 stack frames]]>
    </failure>
  </testcase> <!-- ValidateApplicationPage -->
  <testcase name="ValidateInfrastructurePage" time="0.034" classname="tests.OldSmokeTests">
    <failure type="java.lang.AssertionError" message="User not able to reach Infrastructure page when clicking on Infrastructure link from the marketplace section expected [Infrastructure - CCM] but found []">
      <![CDATA[java.lang.AssertionError: User not able to reach Infrastructure page when clicking on Infrastructure link from the marketplace section expected [Infrastructure - CCM] but found []at tests.OldSmokeTests.ValidateInfrastructurePage(OldSmokeTests.java:231)... Removed 30 stack frames]]>
    </failure>
  </testcase> <!-- ValidateInfrastructurePage -->
  <testcase name="ValidateManageTab" time="0.024" classname="tests.OldSmokeTests">
    <failure type="java.lang.AssertionError" message="Manage Link is not Present in the home Dashboard expected [true] but found [false]">
      <![CDATA[java.lang.AssertionError: Manage Link is not Present in the home Dashboard expected [true] but found [false]at tests.OldSmokeTests.ValidateManageTab(OldSmokeTests.java:254)... Removed 30 stack frames]]>
    </failure>
  </testcase> <!-- ValidateManageTab -->
  <testcase name="ValidateInsightTab" time="0.033" classname="tests.OldSmokeTests">
    <failure type="java.lang.AssertionError" message="Insight Link is not Present in the home Dashboard expected [true] but found [false]">
      <![CDATA[java.lang.AssertionError: Insight Link is not Present in the home Dashboard expected [true] but found [false]at tests.OldSmokeTests.ValidateInsightTab(OldSmokeTests.java:324)... Removed 30 stack frames]]>
    </failure>
  </testcase> <!-- ValidateInsightTab -->
  <testcase name="ValidateFooterNotificationPage" time="0.034" classname="tests.OldSmokeTests">
    <failure type="java.lang.AssertionError" message="Notification Link is not Present in the home Dashboard expected [true] but found [false]">
      <![CDATA[java.lang.AssertionError: Notification Link is not Present in the home Dashboard expected [true] but found [false]at tests.OldSmokeTests.ValidateFooterNotificationPage(OldSmokeTests.java:372)... Removed 30 stack frames]]>
    </failure>
  </testcase> <!-- ValidateFooterNotificationPage -->
  <testcase name="ValidateLogo" time="0.034" classname="tests.OldSmokeTests">
    <failure type="java.lang.AssertionError" message="Logo is not Present in the home Dashboard expected [true] but found [false]">
      <![CDATA[java.lang.AssertionError: Logo is not Present in the home Dashboard expected [true] but found [false]at tests.OldSmokeTests.ValidateLogo(OldSmokeTests.java:438)... Removed 30 stack frames]]>
    </failure>
  </testcase> <!-- ValidateLogo -->
  <testcase name="ValidateMyProfile" time="0.024" classname="tests.OldSmokeTests">
    <failure type="java.lang.AssertionError" message="Account Menu is not Present in the home Dashboard expected [true] but found [false]">
      <![CDATA[java.lang.AssertionError: Account Menu is not Present in the home Dashboard expected [true] but found [false]at tests.OldSmokeTests.ValidateMyProfile(OldSmokeTests.java:466)... Removed 30 stack frames]]>
    </failure>
  </testcase> <!-- ValidateMyProfile -->
  <testcase name="ValidateEditProfile" time="0.031" classname="tests.OldSmokeTests">
    <failure type="java.lang.AssertionError" message="User not able to click on the Edit Profile button on My Profile Page expected [true] but found [false]">
      <![CDATA[java.lang.AssertionError: User not able to click on the Edit Profile button on My Profile Page expected [true] but found [false]at tests.OldSmokeTests.ValidateEditProfile(OldSmokeTests.java:530)... Removed 30 stack frames]]>
    </failure>
  </testcase> <!-- ValidateEditProfile -->
  <testcase name="ValidateChangePassword" time="3.025" classname="tests.OldSmokeTests">
    <failure type="org.openqa.selenium.NoSuchElementException" message="no such element: Unable to locate element: {&amp;quot;method&amp;quot;:&amp;quot;xpath&amp;quot;,&amp;quot;selector&amp;quot;:&amp;quot;(//span[@class=&amp;apos;account-title&amp;apos;])[1]&amp;quot;}
  (Session info: chrome=79.0.3945.88)
For documentation on this error, please visit: https://www.seleniumhq.org/exceptions/no_such_element.html
Build info: version: &amp;apos;3.141.59&amp;apos;, revision: &amp;apos;e82be7d358&amp;apos;, time: &amp;apos;2018-11-14T08:17:03&amp;apos;
System info: host: &amp;apos;ARP-260&amp;apos;, ip: &amp;apos;10.0.75.1&amp;apos;, os.name: &amp;apos;Windows 10&amp;apos;, os.arch: &amp;apos;amd64&amp;apos;, os.version: &amp;apos;10.0&amp;apos;, java.version: &amp;apos;1.8.0_231&amp;apos;
Driver info: org.openqa.selenium.chrome.ChromeDriver
Capabilities {acceptInsecureCerts: false, browserName: chrome, browserVersion: 79.0.3945.88, chrome: {chromedriverVersion: 78.0.3904.70 (edb9c9f3de024..., userDataDir: C:\Users\SAIMA~1.TAB\AppDat...}, goog:chromeOptions: {debuggerAddress: localhost:64332}, javascriptEnabled: true, networkConnectionEnabled: false, pageLoadStrategy: normal, platform: XP, platformName: XP, proxy: Proxy(), setWindowRect: true, strictFileInteractability: false, timeouts: {implicit: 0, pageLoad: 300000, script: 30000}, unhandledPromptBehavior: dismiss and notify}
Session ID: b21f9ab054a745ced65bdaca68ed0a9b
*** Element info: {Using=xpath, value=(//span[@class=&amp;apos;account-title&amp;apos;])[1]}">
      <![CDATA[org.openqa.selenium.NoSuchElementException: no such element: Unable to locate element: {"method":"xpath","selector":"(//span[@class='account-title'])[1]"}  (Session info: chrome=79.0.3945.88)For documentation on this error, please visit: https://www.seleniumhq.org/exceptions/no_such_element.htmlBuild info: version: '3.141.59', revision: 'e82be7d358', time: '2018-11-14T08:17:03'System info: host: 'ARP-260', ip: '10.0.75.1', os.name: 'Windows 10', os.arch: 'amd64', os.version: '10.0', java.version: '1.8.0_231'Driver info: org.openqa.selenium.chrome.ChromeDriverCapabilities {acceptInsecureCerts: false, browserName: chrome, browserVersion: 79.0.3945.88, chrome: {chromedriverVersion: 78.0.3904.70 (edb9c9f3de024..., userDataDir: C:\Users\SAIMA~1.TAB\AppDat...}, goog:chromeOptions: {debuggerAddress: localhost:64332}, javascriptEnabled: true, networkConnectionEnabled: false, pageLoadStrategy: normal, platform: XP, platformName: XP, proxy: Proxy(), setWindowRect: true, strictFileInteractability: false, timeouts: {implicit: 0, pageLoad: 300000, script: 30000}, unhandledPromptBehavior: dismiss and notify}Session ID: b21f9ab054a745ced65bdaca68ed0a9b*** Element info: {Using=xpath, value=(//span[@class='account-title'])[1]}at org.openqa.selenium.remote.http.W3CHttpResponseCodec.createException(W3CHttpResponseCodec.java:187)at org.openqa.selenium.remote.http.W3CHttpResponseCodec.decode(W3CHttpResponseCodec.java:122)at org.openqa.selenium.remote.http.W3CHttpResponseCodec.decode(W3CHttpResponseCodec.java:49)at org.openqa.selenium.remote.HttpCommandExecutor.execute(HttpCommandExecutor.java:164)at org.openqa.selenium.remote.service.DriverCommandExecutor.execute(DriverCommandExecutor.java:83)at org.openqa.selenium.remote.RemoteWebDriver.execute(RemoteWebDriver.java:601)at org.openqa.selenium.remote.RemoteWebDriver.findElement(RemoteWebDriver.java:371)at org.openqa.selenium.remote.RemoteWebDriver.findElementByXPath(RemoteWebDriver.java:473)at org.openqa.selenium.By$ByXPath.findElement(By.java:353)at org.openqa.selenium.remote.RemoteWebDriver.findElement(RemoteWebDriver.java:363)at CustomerPortal.Home.Header.getAccountMenu(Header.java:162)at tests.OldSmokeTests.ValidateChangePassword(OldSmokeTests.java:548)... Removed 29 stack frames]]>
    </failure>
  </testcase> <!-- ValidateChangePassword -->
  <testcase name="ValidateCatalogRestriction" time="0.07" classname="tests.OldSmokeTests">
    <failure type="java.lang.AssertionError" message="User not able to click on the Catalog Restrictions link from the left navigation menu expected [Catalog Restrictions - CCM] but found []">
      <![CDATA[java.lang.AssertionError: User not able to click on the Catalog Restrictions link from the left navigation menu expected [Catalog Restrictions - CCM] but found []at tests.OldSmokeTests.ValidateCatalogRestriction(OldSmokeTests.java:648)... Removed 30 stack frames]]>
    </failure>
  </testcase> <!-- ValidateCatalogRestriction -->
  <testcase name="ValidateDomainLink" time="0.051" classname="tests.OldSmokeTests">
    <failure type="java.lang.AssertionError" message="User not able to reach the Domain page  from the left navigation menu expected [Manage Domains - CCM] but found []">
      <![CDATA[java.lang.AssertionError: User not able to reach the Domain page  from the left navigation menu expected [Manage Domains - CCM] but found []at tests.OldSmokeTests.ValidateDomainLink(OldSmokeTests.java:679)... Removed 30 stack frames]]>
    </failure>
  </testcase> <!-- ValidateDomainLink -->
  <testcase name="ValidateAddressPage" time="0.032" classname="tests.OldSmokeTests">
    <failure type="java.lang.AssertionError" message="Account Menu is not Present in the home Dashboard expected [true] but found [false]">
      <![CDATA[java.lang.AssertionError: Account Menu is not Present in the home Dashboard expected [true] but found [false]at tests.OldSmokeTests.ValidateAddressPage(OldSmokeTests.java:748)... Removed 30 stack frames]]>
    </failure>
  </testcase> <!-- ValidateAddressPage -->
  <testcase name="ValidateUsersPage" time="0.029" classname="tests.OldSmokeTests">
    <failure type="java.lang.AssertionError" message="Account Menu is not Present in the home Dashboard expected [true] but found [false]">
      <![CDATA[java.lang.AssertionError: Account Menu is not Present in the home Dashboard expected [true] but found [false]at tests.OldSmokeTests.ValidateUsersPage(OldSmokeTests.java:793)... Removed 30 stack frames]]>
    </failure>
  </testcase> <!-- ValidateUsersPage -->
  <testcase name="ValidateRequestTab" time="0.055" classname="tests.OldSmokeTests">
    <failure type="java.lang.AssertionError" message="User not able to click on request tab on the users page expected [true] but found [false]">
      <![CDATA[java.lang.AssertionError: User not able to click on request tab on the users page expected [true] but found [false]at tests.OldSmokeTests.ValidateRequestTab(OldSmokeTests.java:838)... Removed 30 stack frames]]>
    </failure>
  </testcase> <!-- ValidateRequestTab -->
  <testcase name="ValidateInviteTab" time="0.073" classname="tests.OldSmokeTests"/>
  <testcase name="ValidateSearching" time="0.081" classname="tests.OldSmokeTests"/>
  <testcase name="ValidateLogout" time="0.055" classname="tests.OldSmokeTests">
    <failure type="java.lang.AssertionError" message="User is not being able to Signout from the application expected [Login - CCM] but found []">
      <![CDATA[java.lang.AssertionError: User is not being able to Signout from the application expected [Login - CCM] but found []at tests.OldSmokeTests.ValidateLogout(OldSmokeTests.java:943)... Removed 30 stack frames]]>
    </failure>
  </testcase> <!-- ValidateLogout -->
  <testcase name="ValidateForgetPswd" time="0.174" classname="tests.OldSmokeTests"/>
  <testcase name="ValidateRegPage" time="0.002" classname="tests.OldSmokeTests">
    <failure type="java.lang.NullPointerException">
      <![CDATA[java.lang.NullPointerExceptionat tests.OldSmokeTests.ValidateRegPage(OldSmokeTests.java:1028)... Removed 25 stack frames]]>
    </failure>
  </testcase> <!-- ValidateRegPage -->
  <testcase name="ValidateManagementFPswd" time="0.151" classname="tests.OldSmokeTests">
    <failure type="java.lang.AssertionError" message="User not able to reach forgot password Page when clicking on forget password link on the login page expected [Forgot Password - CCM] but found []">
      <![CDATA[java.lang.AssertionError: User not able to reach forgot password Page when clicking on forget password link on the login page expected [Forgot Password - CCM] but found []at tests.OldSmokeTests.ValidateManagementFPswd(OldSmokeTests.java:1225)... Removed 30 stack frames]]>
    </failure>
  </testcase> <!-- ValidateManagementFPswd -->
  <testcase name="ValidateManagementLogin" time="16.251" classname="tests.OldSmokeTests">
    <failure type="java.lang.AssertionError" message="Login Page is not appearing on management portal expected [Dashboard - CCM] but found []">
      <![CDATA[java.lang.AssertionError: Login Page is not appearing on management portal expected [Dashboard - CCM] but found []at tests.OldSmokeTests.ValidateManagementLogin(OldSmokeTests.java:1259)... Removed 30 stack frames]]>
    </failure>
  </testcase> <!-- ValidateManagementLogin -->
  <testcase name="ValidateMngmntSETUPTab" time="0.049" classname="tests.OldSmokeTests">
    <failure type="java.lang.AssertionError" message="User is not being able to reach the SETUP page from the home page expected [Users - CCM] but found []">
      <![CDATA[java.lang.AssertionError: User is not being able to reach the SETUP page from the home page expected [Users - CCM] but found []at tests.OldSmokeTests.ValidateMngmntSETUPTab(OldSmokeTests.java:1392)... Removed 30 stack frames]]>
    </failure>
  </testcase> <!-- ValidateMngmntSETUPTab -->
  <testcase name="ValidateUserHover" time="0.032" classname="tests.OldSmokeTests">
    <failure type="org.openqa.selenium.NoSuchElementException" message="no such element: Unable to locate element: {&amp;quot;method&amp;quot;:&amp;quot;xpath&amp;quot;,&amp;quot;selector&amp;quot;:&amp;quot;//a[@class=&amp;apos;top-link&amp;apos; and text()=&amp;apos;Users&amp;apos;]&amp;quot;}
  (Session info: chrome=79.0.3945.88)
For documentation on this error, please visit: https://www.seleniumhq.org/exceptions/no_such_element.html
Build info: version: &amp;apos;3.141.59&amp;apos;, revision: &amp;apos;e82be7d358&amp;apos;, time: &amp;apos;2018-11-14T08:17:03&amp;apos;
System info: host: &amp;apos;ARP-260&amp;apos;, ip: &amp;apos;10.0.75.1&amp;apos;, os.name: &amp;apos;Windows 10&amp;apos;, os.arch: &amp;apos;amd64&amp;apos;, os.version: &amp;apos;10.0&amp;apos;, java.version: &amp;apos;1.8.0_231&amp;apos;
Driver info: org.openqa.selenium.chrome.ChromeDriver
Capabilities {acceptInsecureCerts: false, browserName: chrome, browserVersion: 79.0.3945.88, chrome: {chromedriverVersion: 78.0.3904.70 (edb9c9f3de024..., userDataDir: C:\Users\SAIMA~1.TAB\AppDat...}, goog:chromeOptions: {debuggerAddress: localhost:64351}, javascriptEnabled: true, networkConnectionEnabled: false, pageLoadStrategy: normal, platform: XP, platformName: XP, proxy: Proxy(), setWindowRect: true, strictFileInteractability: false, timeouts: {implicit: 0, pageLoad: 300000, script: 30000}, unhandledPromptBehavior: dismiss and notify}
Session ID: 97a271901b1a365072d2021e2f5ab935
*** Element info: {Using=xpath, value=//a[@class=&amp;apos;top-link&amp;apos; and text()=&amp;apos;Users&amp;apos;]}">
      <![CDATA[org.openqa.selenium.NoSuchElementException: no such element: Unable to locate element: {"method":"xpath","selector":"//a[@class='top-link' and text()='Users']"}  (Session info: chrome=79.0.3945.88)For documentation on this error, please visit: https://www.seleniumhq.org/exceptions/no_such_element.htmlBuild info: version: '3.141.59', revision: 'e82be7d358', time: '2018-11-14T08:17:03'System info: host: 'ARP-260', ip: '10.0.75.1', os.name: 'Windows 10', os.arch: 'amd64', os.version: '10.0', java.version: '1.8.0_231'Driver info: org.openqa.selenium.chrome.ChromeDriverCapabilities {acceptInsecureCerts: false, browserName: chrome, browserVersion: 79.0.3945.88, chrome: {chromedriverVersion: 78.0.3904.70 (edb9c9f3de024..., userDataDir: C:\Users\SAIMA~1.TAB\AppDat...}, goog:chromeOptions: {debuggerAddress: localhost:64351}, javascriptEnabled: true, networkConnectionEnabled: false, pageLoadStrategy: normal, platform: XP, platformName: XP, proxy: Proxy(), setWindowRect: true, strictFileInteractability: false, timeouts: {implicit: 0, pageLoad: 300000, script: 30000}, unhandledPromptBehavior: dismiss and notify}Session ID: 97a271901b1a365072d2021e2f5ab935*** Element info: {Using=xpath, value=//a[@class='top-link' and text()='Users']}at org.openqa.selenium.remote.http.W3CHttpResponseCodec.createException(W3CHttpResponseCodec.java:187)at org.openqa.selenium.remote.http.W3CHttpResponseCodec.decode(W3CHttpResponseCodec.java:122)at org.openqa.selenium.remote.http.W3CHttpResponseCodec.decode(W3CHttpResponseCodec.java:49)at org.openqa.selenium.remote.HttpCommandExecutor.execute(HttpCommandExecutor.java:164)at org.openqa.selenium.remote.service.DriverCommandExecutor.execute(DriverCommandExecutor.java:83)at org.openqa.selenium.remote.RemoteWebDriver.execute(RemoteWebDriver.java:601)at org.openqa.selenium.remote.RemoteWebDriver.findElement(RemoteWebDriver.java:371)at org.openqa.selenium.remote.RemoteWebDriver.findElementByXPath(RemoteWebDriver.java:473)at org.openqa.selenium.By$ByXPath.findElement(By.java:353)at org.openqa.selenium.remote.RemoteWebDriver.findElement(RemoteWebDriver.java:363)at CustomerPortal.Home.Users.getUsers(Users.java:188)at tests.OldSmokeTests.ValidateUserHover(OldSmokeTests.java:1421)... Removed 28 stack frames]]>
    </failure>
  </testcase> <!-- ValidateUserHover -->
  <testcase name="ValidateAddNewRole" time="0.045" classname="tests.OldSmokeTests">
    <failure type="java.lang.AssertionError" message="User not able to reach Add new Role Page when clicking on Add New Role Button expected [Add New Role - CCM] but found []">
      <![CDATA[java.lang.AssertionError: User not able to reach Add new Role Page when clicking on Add New Role Button expected [Add New Role - CCM] but found []at tests.OldSmokeTests.ValidateAddNewRole(OldSmokeTests.java:1508)... Removed 30 stack frames]]>
    </failure>
  </testcase> <!-- ValidateAddNewRole -->
  <testcase name="ValidateEditRole" time="0.034" classname="tests.OldSmokeTests">
    <failure type="org.openqa.selenium.NoSuchElementException" message="no such element: Unable to locate element: {&amp;quot;method&amp;quot;:&amp;quot;xpath&amp;quot;,&amp;quot;selector&amp;quot;:&amp;quot;//a[@class=&amp;apos;btn&amp;apos; and text()=&amp;apos;Cancel&amp;apos;]&amp;quot;}
  (Session info: chrome=79.0.3945.88)
For documentation on this error, please visit: https://www.seleniumhq.org/exceptions/no_such_element.html
Build info: version: &amp;apos;3.141.59&amp;apos;, revision: &amp;apos;e82be7d358&amp;apos;, time: &amp;apos;2018-11-14T08:17:03&amp;apos;
System info: host: &amp;apos;ARP-260&amp;apos;, ip: &amp;apos;10.0.75.1&amp;apos;, os.name: &amp;apos;Windows 10&amp;apos;, os.arch: &amp;apos;amd64&amp;apos;, os.version: &amp;apos;10.0&amp;apos;, java.version: &amp;apos;1.8.0_231&amp;apos;
Driver info: org.openqa.selenium.chrome.ChromeDriver
Capabilities {acceptInsecureCerts: false, browserName: chrome, browserVersion: 79.0.3945.88, chrome: {chromedriverVersion: 78.0.3904.70 (edb9c9f3de024..., userDataDir: C:\Users\SAIMA~1.TAB\AppDat...}, goog:chromeOptions: {debuggerAddress: localhost:64351}, javascriptEnabled: true, networkConnectionEnabled: false, pageLoadStrategy: normal, platform: XP, platformName: XP, proxy: Proxy(), setWindowRect: true, strictFileInteractability: false, timeouts: {implicit: 0, pageLoad: 300000, script: 30000}, unhandledPromptBehavior: dismiss and notify}
Session ID: 97a271901b1a365072d2021e2f5ab935
*** Element info: {Using=xpath, value=//a[@class=&amp;apos;btn&amp;apos; and text()=&amp;apos;Cancel&amp;apos;]}">
      <![CDATA[org.openqa.selenium.NoSuchElementException: no such element: Unable to locate element: {"method":"xpath","selector":"//a[@class='btn' and text()='Cancel']"}  (Session info: chrome=79.0.3945.88)For documentation on this error, please visit: https://www.seleniumhq.org/exceptions/no_such_element.htmlBuild info: version: '3.141.59', revision: 'e82be7d358', time: '2018-11-14T08:17:03'System info: host: 'ARP-260', ip: '10.0.75.1', os.name: 'Windows 10', os.arch: 'amd64', os.version: '10.0', java.version: '1.8.0_231'Driver info: org.openqa.selenium.chrome.ChromeDriverCapabilities {acceptInsecureCerts: false, browserName: chrome, browserVersion: 79.0.3945.88, chrome: {chromedriverVersion: 78.0.3904.70 (edb9c9f3de024..., userDataDir: C:\Users\SAIMA~1.TAB\AppDat...}, goog:chromeOptions: {debuggerAddress: localhost:64351}, javascriptEnabled: true, networkConnectionEnabled: false, pageLoadStrategy: normal, platform: XP, platformName: XP, proxy: Proxy(), setWindowRect: true, strictFileInteractability: false, timeouts: {implicit: 0, pageLoad: 300000, script: 30000}, unhandledPromptBehavior: dismiss and notify}Session ID: 97a271901b1a365072d2021e2f5ab935*** Element info: {Using=xpath, value=//a[@class='btn' and text()='Cancel']}at org.openqa.selenium.remote.http.W3CHttpResponseCodec.createException(W3CHttpResponseCodec.java:187)at org.openqa.selenium.remote.http.W3CHttpResponseCodec.decode(W3CHttpResponseCodec.java:122)at org.openqa.selenium.remote.http.W3CHttpResponseCodec.decode(W3CHttpResponseCodec.java:49)at org.openqa.selenium.remote.HttpCommandExecutor.execute(HttpCommandExecutor.java:164)at org.openqa.selenium.remote.service.DriverCommandExecutor.execute(DriverCommandExecutor.java:83)at org.openqa.selenium.remote.RemoteWebDriver.execute(RemoteWebDriver.java:601)at org.openqa.selenium.remote.RemoteWebDriver.findElement(RemoteWebDriver.java:371)at org.openqa.selenium.remote.RemoteWebDriver.findElementByXPath(RemoteWebDriver.java:473)at org.openqa.selenium.By$ByXPath.findElement(By.java:353)at org.openqa.selenium.remote.RemoteWebDriver.findElement(RemoteWebDriver.java:363)at CustomerPortal.Home.Users.getCancelBtn(Users.java:156)at tests.OldSmokeTests.ValidateEditRole(OldSmokeTests.java:1517)... Removed 28 stack frames]]>
    </failure>
  </testcase> <!-- ValidateEditRole -->
  <testcase name="ValidateCreateUser" time="3.041" classname="tests.OldSmokeTests">
    <failure type="java.lang.AssertionError" message="User not able to reach create User Page when clicking on Create User link under user&amp;apos;s tab expected [Users - CCM] but found []">
      <![CDATA[java.lang.AssertionError: User not able to reach create User Page when clicking on Create User link under user's tab expected [Users - CCM] but found []at tests.OldSmokeTests.ValidateCreateUser(OldSmokeTests.java:1567)... Removed 30 stack frames]]>
    </failure>
  </testcase> <!-- ValidateCreateUser -->
  <testcase name="ValidateAccountsPage" time="0.111" classname="tests.OldSmokeTests">
    <failure type="org.openqa.selenium.NoSuchElementException" message="no such element: Unable to locate element: {&amp;quot;method&amp;quot;:&amp;quot;css selector&amp;quot;,&amp;quot;selector&amp;quot;:&amp;quot;#selectFields&amp;quot;}
  (Session info: chrome=79.0.3945.88)
For documentation on this error, please visit: https://www.seleniumhq.org/exceptions/no_such_element.html
Build info: version: &amp;apos;3.141.59&amp;apos;, revision: &amp;apos;e82be7d358&amp;apos;, time: &amp;apos;2018-11-14T08:17:03&amp;apos;
System info: host: &amp;apos;ARP-260&amp;apos;, ip: &amp;apos;10.0.75.1&amp;apos;, os.name: &amp;apos;Windows 10&amp;apos;, os.arch: &amp;apos;amd64&amp;apos;, os.version: &amp;apos;10.0&amp;apos;, java.version: &amp;apos;1.8.0_231&amp;apos;
Driver info: org.openqa.selenium.chrome.ChromeDriver
Capabilities {acceptInsecureCerts: false, browserName: chrome, browserVersion: 79.0.3945.88, chrome: {chromedriverVersion: 78.0.3904.70 (edb9c9f3de024..., userDataDir: C:\Users\SAIMA~1.TAB\AppDat...}, goog:chromeOptions: {debuggerAddress: localhost:64351}, javascriptEnabled: true, networkConnectionEnabled: false, pageLoadStrategy: normal, platform: XP, platformName: XP, proxy: Proxy(), setWindowRect: true, strictFileInteractability: false, timeouts: {implicit: 0, pageLoad: 300000, script: 30000}, unhandledPromptBehavior: dismiss and notify}
Session ID: 97a271901b1a365072d2021e2f5ab935
*** Element info: {Using=id, value=selectFields}">
      <![CDATA[org.openqa.selenium.NoSuchElementException: no such element: Unable to locate element: {"method":"css selector","selector":"#selectFields"}  (Session info: chrome=79.0.3945.88)For documentation on this error, please visit: https://www.seleniumhq.org/exceptions/no_such_element.htmlBuild info: version: '3.141.59', revision: 'e82be7d358', time: '2018-11-14T08:17:03'System info: host: 'ARP-260', ip: '10.0.75.1', os.name: 'Windows 10', os.arch: 'amd64', os.version: '10.0', java.version: '1.8.0_231'Driver info: org.openqa.selenium.chrome.ChromeDriverCapabilities {acceptInsecureCerts: false, browserName: chrome, browserVersion: 79.0.3945.88, chrome: {chromedriverVersion: 78.0.3904.70 (edb9c9f3de024..., userDataDir: C:\Users\SAIMA~1.TAB\AppDat...}, goog:chromeOptions: {debuggerAddress: localhost:64351}, javascriptEnabled: true, networkConnectionEnabled: false, pageLoadStrategy: normal, platform: XP, platformName: XP, proxy: Proxy(), setWindowRect: true, strictFileInteractability: false, timeouts: {implicit: 0, pageLoad: 300000, script: 30000}, unhandledPromptBehavior: dismiss and notify}Session ID: 97a271901b1a365072d2021e2f5ab935*** Element info: {Using=id, value=selectFields}at org.openqa.selenium.remote.http.W3CHttpResponseCodec.createException(W3CHttpResponseCodec.java:187)at org.openqa.selenium.remote.http.W3CHttpResponseCodec.decode(W3CHttpResponseCodec.java:122)at org.openqa.selenium.remote.http.W3CHttpResponseCodec.decode(W3CHttpResponseCodec.java:49)at org.openqa.selenium.remote.HttpCommandExecutor.execute(HttpCommandExecutor.java:164)at org.openqa.selenium.remote.service.DriverCommandExecutor.execute(DriverCommandExecutor.java:83)at org.openqa.selenium.remote.RemoteWebDriver.execute(RemoteWebDriver.java:601)at org.openqa.selenium.remote.RemoteWebDriver.findElement(RemoteWebDriver.java:371)at org.openqa.selenium.remote.RemoteWebDriver.findElementById(RemoteWebDriver.java:417)at org.openqa.selenium.By$ById.findElement(By.java:188)at org.openqa.selenium.remote.RemoteWebDriver.findElement(RemoteWebDriver.java:363)at ManagementPortal.Customers.Customer.getSelectFieldBtn(Customer.java:161)at tests.OldSmokeTests.ValidateAccountsPage(OldSmokeTests.java:1597)... Removed 28 stack frames]]>
    </failure>
  </testcase> <!-- ValidateAccountsPage -->
  <testcase name="ValidateSelectFields" time="0.161" classname="tests.OldSmokeTests"/>
  <testcase name="ValidateExportBtn" time="0.024" classname="tests.OldSmokeTests">
    <failure type="java.lang.AssertionError" message="Cancel button is not present on export account popup window expected [true] but found [false]">
      <![CDATA[java.lang.AssertionError: Cancel button is not present on export account popup window expected [true] but found [false]at tests.OldSmokeTests.ValidateExportBtn(OldSmokeTests.java:1666)... Removed 30 stack frames]]>
    </failure>
  </testcase> <!-- ValidateExportBtn -->
  <testcase name="ValidateSubscription" time="0.065" classname="tests.OldSmokeTests">
    <failure type="org.openqa.selenium.NoSuchElementException" message="no such element: Unable to locate element: {&amp;quot;method&amp;quot;:&amp;quot;xpath&amp;quot;,&amp;quot;selector&amp;quot;:&amp;quot;(//h1[text()=&amp;apos;Subscriptions&amp;apos;])[1]&amp;quot;}
  (Session info: chrome=79.0.3945.88)
For documentation on this error, please visit: https://www.seleniumhq.org/exceptions/no_such_element.html
Build info: version: &amp;apos;3.141.59&amp;apos;, revision: &amp;apos;e82be7d358&amp;apos;, time: &amp;apos;2018-11-14T08:17:03&amp;apos;
System info: host: &amp;apos;ARP-260&amp;apos;, ip: &amp;apos;10.0.75.1&amp;apos;, os.name: &amp;apos;Windows 10&amp;apos;, os.arch: &amp;apos;amd64&amp;apos;, os.version: &amp;apos;10.0&amp;apos;, java.version: &amp;apos;1.8.0_231&amp;apos;
Driver info: org.openqa.selenium.chrome.ChromeDriver
Capabilities {acceptInsecureCerts: false, browserName: chrome, browserVersion: 79.0.3945.88, chrome: {chromedriverVersion: 78.0.3904.70 (edb9c9f3de024..., userDataDir: C:\Users\SAIMA~1.TAB\AppDat...}, goog:chromeOptions: {debuggerAddress: localhost:64351}, javascriptEnabled: true, networkConnectionEnabled: false, pageLoadStrategy: normal, platform: XP, platformName: XP, proxy: Proxy(), setWindowRect: true, strictFileInteractability: false, timeouts: {implicit: 0, pageLoad: 300000, script: 30000}, unhandledPromptBehavior: dismiss and notify}
Session ID: 97a271901b1a365072d2021e2f5ab935
*** Element info: {Using=xpath, value=(//h1[text()=&amp;apos;Subscriptions&amp;apos;])[1]}">
      <![CDATA[org.openqa.selenium.NoSuchElementException: no such element: Unable to locate element: {"method":"xpath","selector":"(//h1[text()='Subscriptions'])[1]"}  (Session info: chrome=79.0.3945.88)For documentation on this error, please visit: https://www.seleniumhq.org/exceptions/no_such_element.htmlBuild info: version: '3.141.59', revision: 'e82be7d358', time: '2018-11-14T08:17:03'System info: host: 'ARP-260', ip: '10.0.75.1', os.name: 'Windows 10', os.arch: 'amd64', os.version: '10.0', java.version: '1.8.0_231'Driver info: org.openqa.selenium.chrome.ChromeDriverCapabilities {acceptInsecureCerts: false, browserName: chrome, browserVersion: 79.0.3945.88, chrome: {chromedriverVersion: 78.0.3904.70 (edb9c9f3de024..., userDataDir: C:\Users\SAIMA~1.TAB\AppDat...}, goog:chromeOptions: {debuggerAddress: localhost:64351}, javascriptEnabled: true, networkConnectionEnabled: false, pageLoadStrategy: normal, platform: XP, platformName: XP, proxy: Proxy(), setWindowRect: true, strictFileInteractability: false, timeouts: {implicit: 0, pageLoad: 300000, script: 30000}, unhandledPromptBehavior: dismiss and notify}Session ID: 97a271901b1a365072d2021e2f5ab935*** Element info: {Using=xpath, value=(//h1[text()='Subscriptions'])[1]}at org.openqa.selenium.remote.http.W3CHttpResponseCodec.createException(W3CHttpResponseCodec.java:187)at org.openqa.selenium.remote.http.W3CHttpResponseCodec.decode(W3CHttpResponseCodec.java:122)at org.openqa.selenium.remote.http.W3CHttpResponseCodec.decode(W3CHttpResponseCodec.java:49)at org.openqa.selenium.remote.HttpCommandExecutor.execute(HttpCommandExecutor.java:164)at org.openqa.selenium.remote.service.DriverCommandExecutor.execute(DriverCommandExecutor.java:83)at org.openqa.selenium.remote.RemoteWebDriver.execute(RemoteWebDriver.java:601)at org.openqa.selenium.remote.RemoteWebDriver.findElement(RemoteWebDriver.java:371)at org.openqa.selenium.remote.RemoteWebDriver.findElementByXPath(RemoteWebDriver.java:473)at org.openqa.selenium.By$ByXPath.findElement(By.java:353)at org.openqa.selenium.remote.RemoteWebDriver.findElement(RemoteWebDriver.java:363)at ManagementPortal.Customers.Customer.getSubsHeading(Customer.java:140)at tests.OldSmokeTests.ValidateSubscription(OldSmokeTests.java:1693)... Removed 28 stack frames]]>
    </failure>
  </testcase> <!-- ValidateSubscription -->
  <testcase name="ValidateSubsSelectFields" time="0.035" classname="tests.OldSmokeTests"/>
  <testcase name="ValidateSubsExport" time="0.021" classname="tests.OldSmokeTests">
    <failure type="java.lang.AssertionError" message="Cancel button is not present on export account popup window expected [true] but found [false]">
      <![CDATA[java.lang.AssertionError: Cancel button is not present on export account popup window expected [true] but found [false]at tests.OldSmokeTests.ValidateSubsExport(OldSmokeTests.java:1764)... Removed 30 stack frames]]>
    </failure>
  </testcase> <!-- ValidateSubsExport -->
  <testcase name="ValidateEditSubs" time="0.032" classname="tests.OldSmokeTests"/>
  <testcase name="ValidateAssumeRole" time="0.03" classname="tests.OldSmokeTests">
    <failure type="java.lang.NullPointerException" message="null value in entry: handle=null">
      <![CDATA[java.lang.NullPointerException: null value in entry: handle=nullat com.google.common.collect.CollectPreconditions.checkEntryNotNull(CollectPreconditions.java:32)at com.google.common.collect.SingletonImmutableBiMap.<init>(SingletonImmutableBiMap.java:42)at com.google.common.collect.ImmutableBiMap.of(ImmutableBiMap.java:72)at com.google.common.collect.ImmutableMap.of(ImmutableMap.java:124)at org.openqa.selenium.remote.RemoteWebDriver$RemoteTargetLocator.window(RemoteWebDriver.java:958)at tests.OldSmokeTests.ValidateAssumeRole(OldSmokeTests.java:1842)... Removed 25 stack frames]]>
    </failure>
  </testcase> <!-- ValidateAssumeRole -->
  <testcase name="ValidateFooterSubscription" time="0.031" classname="tests.OldSmokeTests"/>
  <testcase name="ValidateFooterAccount" time="0.001" classname="tests.OldSmokeTests"/>
  <testcase name="ValidateEditAccount" time="0.001" classname="tests.OldSmokeTests">
    <failure type="java.lang.NullPointerException" message="null value in entry: handle=null">
      <![CDATA[java.lang.NullPointerException: null value in entry: handle=nullat com.google.common.collect.CollectPreconditions.checkEntryNotNull(CollectPreconditions.java:32)at com.google.common.collect.SingletonImmutableBiMap.<init>(SingletonImmutableBiMap.java:42)at com.google.common.collect.ImmutableBiMap.of(ImmutableBiMap.java:72)at com.google.common.collect.ImmutableMap.of(ImmutableMap.java:124)at org.openqa.selenium.remote.RemoteWebDriver$RemoteTargetLocator.window(RemoteWebDriver.java:958)at tests.OldSmokeTests.ValidateEditAccount(OldSmokeTests.java:1890)... Removed 25 stack frames]]>
    </failure>
  </testcase> <!-- ValidateEditAccount -->
  <testcase name="ValidateEditSave" time="5.07" classname="tests.OldSmokeTests">
    <failure type="org.openqa.selenium.NoSuchElementException" message="no such element: Unable to locate element: {&amp;quot;method&amp;quot;:&amp;quot;css selector&amp;quot;,&amp;quot;selector&amp;quot;:&amp;quot;#selectFields&amp;quot;}
  (Session info: chrome=79.0.3945.88)
For documentation on this error, please visit: https://www.seleniumhq.org/exceptions/no_such_element.html
Build info: version: &amp;apos;3.141.59&amp;apos;, revision: &amp;apos;e82be7d358&amp;apos;, time: &amp;apos;2018-11-14T08:17:03&amp;apos;
System info: host: &amp;apos;ARP-260&amp;apos;, ip: &amp;apos;10.0.75.1&amp;apos;, os.name: &amp;apos;Windows 10&amp;apos;, os.arch: &amp;apos;amd64&amp;apos;, os.version: &amp;apos;10.0&amp;apos;, java.version: &amp;apos;1.8.0_231&amp;apos;
Driver info: org.openqa.selenium.chrome.ChromeDriver
Capabilities {acceptInsecureCerts: false, browserName: chrome, browserVersion: 79.0.3945.88, chrome: {chromedriverVersion: 78.0.3904.70 (edb9c9f3de024..., userDataDir: C:\Users\SAIMA~1.TAB\AppDat...}, goog:chromeOptions: {debuggerAddress: localhost:64351}, javascriptEnabled: true, networkConnectionEnabled: false, pageLoadStrategy: normal, platform: XP, platformName: XP, proxy: Proxy(), setWindowRect: true, strictFileInteractability: false, timeouts: {implicit: 0, pageLoad: 300000, script: 30000}, unhandledPromptBehavior: dismiss and notify}
Session ID: 97a271901b1a365072d2021e2f5ab935
*** Element info: {Using=id, value=selectFields}">
      <![CDATA[org.openqa.selenium.NoSuchElementException: no such element: Unable to locate element: {"method":"css selector","selector":"#selectFields"}  (Session info: chrome=79.0.3945.88)For documentation on this error, please visit: https://www.seleniumhq.org/exceptions/no_such_element.htmlBuild info: version: '3.141.59', revision: 'e82be7d358', time: '2018-11-14T08:17:03'System info: host: 'ARP-260', ip: '10.0.75.1', os.name: 'Windows 10', os.arch: 'amd64', os.version: '10.0', java.version: '1.8.0_231'Driver info: org.openqa.selenium.chrome.ChromeDriverCapabilities {acceptInsecureCerts: false, browserName: chrome, browserVersion: 79.0.3945.88, chrome: {chromedriverVersion: 78.0.3904.70 (edb9c9f3de024..., userDataDir: C:\Users\SAIMA~1.TAB\AppDat...}, goog:chromeOptions: {debuggerAddress: localhost:64351}, javascriptEnabled: true, networkConnectionEnabled: false, pageLoadStrategy: normal, platform: XP, platformName: XP, proxy: Proxy(), setWindowRect: true, strictFileInteractability: false, timeouts: {implicit: 0, pageLoad: 300000, script: 30000}, unhandledPromptBehavior: dismiss and notify}Session ID: 97a271901b1a365072d2021e2f5ab935*** Element info: {Using=id, value=selectFields}at org.openqa.selenium.remote.http.W3CHttpResponseCodec.createException(W3CHttpResponseCodec.java:187)at org.openqa.selenium.remote.http.W3CHttpResponseCodec.decode(W3CHttpResponseCodec.java:122)at org.openqa.selenium.remote.http.W3CHttpResponseCodec.decode(W3CHttpResponseCodec.java:49)at org.openqa.selenium.remote.HttpCommandExecutor.execute(HttpCommandExecutor.java:164)at org.openqa.selenium.remote.service.DriverCommandExecutor.execute(DriverCommandExecutor.java:83)at org.openqa.selenium.remote.RemoteWebDriver.execute(RemoteWebDriver.java:601)at org.openqa.selenium.remote.RemoteWebDriver.findElement(RemoteWebDriver.java:371)at org.openqa.selenium.remote.RemoteWebDriver.findElementById(RemoteWebDriver.java:417)at org.openqa.selenium.By$ById.findElement(By.java:188)at org.openqa.selenium.remote.RemoteWebDriver.findElement(RemoteWebDriver.java:363)at ManagementPortal.Customers.Customer.getSelectFieldBtn(Customer.java:161)at tests.OldSmokeTests.ValidateEditSave(OldSmokeTests.java:1969)... Removed 28 stack frames]]>
    </failure>
  </testcase> <!-- ValidateEditSave -->
  <testcase name="ValidateFooterLogo" time="0.042" classname="tests.OldSmokeTests">
    <failure type="java.lang.AssertionError" message="User not able to reach home page after clicking on logo from the footer of the application expected [Dashboard - CCM] but found []">
      <![CDATA[java.lang.AssertionError: User not able to reach home page after clicking on logo from the footer of the application expected [Dashboard - CCM] but found []at tests.OldSmokeTests.ValidateFooterLogo(OldSmokeTests.java:1998)... Removed 30 stack frames]]>
    </failure>
  </testcase> <!-- ValidateFooterLogo -->
  <testcase name="ValidateCategories" time="5.092" classname="tests.OldSmokeTests">
    <failure type="org.openqa.selenium.NoSuchElementException" message="no such element: Unable to locate element: {&amp;quot;method&amp;quot;:&amp;quot;css selector&amp;quot;,&amp;quot;selector&amp;quot;:&amp;quot;#selectFields&amp;quot;}
  (Session info: chrome=79.0.3945.88)
For documentation on this error, please visit: https://www.seleniumhq.org/exceptions/no_such_element.html
Build info: version: &amp;apos;3.141.59&amp;apos;, revision: &amp;apos;e82be7d358&amp;apos;, time: &amp;apos;2018-11-14T08:17:03&amp;apos;
System info: host: &amp;apos;ARP-260&amp;apos;, ip: &amp;apos;10.0.75.1&amp;apos;, os.name: &amp;apos;Windows 10&amp;apos;, os.arch: &amp;apos;amd64&amp;apos;, os.version: &amp;apos;10.0&amp;apos;, java.version: &amp;apos;1.8.0_231&amp;apos;
Driver info: org.openqa.selenium.chrome.ChromeDriver
Capabilities {acceptInsecureCerts: false, browserName: chrome, browserVersion: 79.0.3945.88, chrome: {chromedriverVersion: 78.0.3904.70 (edb9c9f3de024..., userDataDir: C:\Users\SAIMA~1.TAB\AppDat...}, goog:chromeOptions: {debuggerAddress: localhost:64351}, javascriptEnabled: true, networkConnectionEnabled: false, pageLoadStrategy: normal, platform: XP, platformName: XP, proxy: Proxy(), setWindowRect: true, strictFileInteractability: false, timeouts: {implicit: 0, pageLoad: 300000, script: 30000}, unhandledPromptBehavior: dismiss and notify}
Session ID: 97a271901b1a365072d2021e2f5ab935
*** Element info: {Using=id, value=selectFields}">
      <![CDATA[org.openqa.selenium.NoSuchElementException: no such element: Unable to locate element: {"method":"css selector","selector":"#selectFields"}  (Session info: chrome=79.0.3945.88)For documentation on this error, please visit: https://www.seleniumhq.org/exceptions/no_such_element.htmlBuild info: version: '3.141.59', revision: 'e82be7d358', time: '2018-11-14T08:17:03'System info: host: 'ARP-260', ip: '10.0.75.1', os.name: 'Windows 10', os.arch: 'amd64', os.version: '10.0', java.version: '1.8.0_231'Driver info: org.openqa.selenium.chrome.ChromeDriverCapabilities {acceptInsecureCerts: false, browserName: chrome, browserVersion: 79.0.3945.88, chrome: {chromedriverVersion: 78.0.3904.70 (edb9c9f3de024..., userDataDir: C:\Users\SAIMA~1.TAB\AppDat...}, goog:chromeOptions: {debuggerAddress: localhost:64351}, javascriptEnabled: true, networkConnectionEnabled: false, pageLoadStrategy: normal, platform: XP, platformName: XP, proxy: Proxy(), setWindowRect: true, strictFileInteractability: false, timeouts: {implicit: 0, pageLoad: 300000, script: 30000}, unhandledPromptBehavior: dismiss and notify}Session ID: 97a271901b1a365072d2021e2f5ab935*** Element info: {Using=id, value=selectFields}at org.openqa.selenium.remote.http.W3CHttpResponseCodec.createException(W3CHttpResponseCodec.java:187)at org.openqa.selenium.remote.http.W3CHttpResponseCodec.decode(W3CHttpResponseCodec.java:122)at org.openqa.selenium.remote.http.W3CHttpResponseCodec.decode(W3CHttpResponseCodec.java:49)at org.openqa.selenium.remote.HttpCommandExecutor.execute(HttpCommandExecutor.java:164)at org.openqa.selenium.remote.service.DriverCommandExecutor.execute(DriverCommandExecutor.java:83)at org.openqa.selenium.remote.RemoteWebDriver.execute(RemoteWebDriver.java:601)at org.openqa.selenium.remote.RemoteWebDriver.findElement(RemoteWebDriver.java:371)at org.openqa.selenium.remote.RemoteWebDriver.findElementById(RemoteWebDriver.java:417)at org.openqa.selenium.By$ById.findElement(By.java:188)at org.openqa.selenium.remote.RemoteWebDriver.findElement(RemoteWebDriver.java:363)at ManagementPortal.Catalog.Catalog.getSelectFieldBtn(Catalog.java:140)at tests.OldSmokeTests.ValidateCategories(OldSmokeTests.java:2044)... Removed 28 stack frames]]>
    </failure>
  </testcase> <!-- ValidateCategories -->
  <testcase name="ValidateSyncCategories" time="0.067" classname="tests.OldSmokeTests"/>
  <testcase name="ValidateCategoryExport" time="10.106" classname="tests.OldSmokeTests"/>
  <testcase name="ValidateSelectFieldCateg" time="0.105" classname="tests.OldSmokeTests"/>
  <testcase name="ValidateEditCategory" time="0.031" classname="tests.OldSmokeTests"/>
  <testcase name="ValidateDomainsPage" time="10.029" classname="tests.OldSmokeTests">
    <failure type="java.lang.AssertionError" message="When user is clicking on Domain tab then the user is not nevigating to the domain page expected [Domains - CCM] but found []">
      <![CDATA[java.lang.AssertionError: When user is clicking on Domain tab then the user is not nevigating to the domain page expected [Domains - CCM] but found []at tests.OldSmokeTests.ValidateDomainsPage(OldSmokeTests.java:2261)... Removed 30 stack frames]]>
    </failure>
  </testcase> <!-- ValidateDomainsPage -->
  <testcase name="ValidateDomainExport" time="20.092" classname="tests.OldSmokeTests"/>
  <testcase name="ValidateRequestPage" time="10.049" classname="tests.OldSmokeTests">
    <failure type="java.lang.AssertionError" message="When user is clicking on Request tab then the user is not nevigating to the Request page expected [Requests - CCM] but found []">
      <![CDATA[java.lang.AssertionError: When user is clicking on Request tab then the user is not nevigating to the Request page expected [Requests - CCM] but found []at tests.OldSmokeTests.ValidateRequestPage(OldSmokeTests.java:2336)... Removed 30 stack frames]]>
    </failure>
  </testcase> <!-- ValidateRequestPage -->
  <testcase name="ValidateRequestExport" time="0.054" classname="tests.OldSmokeTests"/>
  <testcase name="ValidateNotifications" time="0.112" classname="tests.OldSmokeTests">
    <failure type="java.lang.AssertionError" message="User not able to reach notification page after clicking on notification tab from customer section expected [Notifications - CCM] but found []">
      <![CDATA[java.lang.AssertionError: User not able to reach notification page after clicking on notification tab from customer section expected [Notifications - CCM] but found []at tests.OldSmokeTests.ValidateNotifications(OldSmokeTests.java:2455)... Removed 30 stack frames]]>
    </failure>
  </testcase> <!-- ValidateNotifications -->
  <testcase name="NotificationExport" time="0.039" classname="tests.OldSmokeTests"/>
  <testcase name="ValidateSendNotifications" time="5.084" classname="tests.OldSmokeTests">
    <failure type="org.openqa.selenium.NoSuchElementException" message="no such element: Unable to locate element: {&amp;quot;method&amp;quot;:&amp;quot;xpath&amp;quot;,&amp;quot;selector&amp;quot;:&amp;quot;//a[@class=&amp;apos;btn auto-width&amp;apos; and text()=&amp;apos;Send Notification&amp;apos;]&amp;quot;}
  (Session info: chrome=79.0.3945.88)
For documentation on this error, please visit: https://www.seleniumhq.org/exceptions/no_such_element.html
Build info: version: &amp;apos;3.141.59&amp;apos;, revision: &amp;apos;e82be7d358&amp;apos;, time: &amp;apos;2018-11-14T08:17:03&amp;apos;
System info: host: &amp;apos;ARP-260&amp;apos;, ip: &amp;apos;10.0.75.1&amp;apos;, os.name: &amp;apos;Windows 10&amp;apos;, os.arch: &amp;apos;amd64&amp;apos;, os.version: &amp;apos;10.0&amp;apos;, java.version: &amp;apos;1.8.0_231&amp;apos;
Driver info: org.openqa.selenium.chrome.ChromeDriver
Capabilities {acceptInsecureCerts: false, browserName: chrome, browserVersion: 79.0.3945.88, chrome: {chromedriverVersion: 78.0.3904.70 (edb9c9f3de024..., userDataDir: C:\Users\SAIMA~1.TAB\AppDat...}, goog:chromeOptions: {debuggerAddress: localhost:64351}, javascriptEnabled: true, networkConnectionEnabled: false, pageLoadStrategy: normal, platform: XP, platformName: XP, proxy: Proxy(), setWindowRect: true, strictFileInteractability: false, timeouts: {implicit: 0, pageLoad: 300000, script: 30000}, unhandledPromptBehavior: dismiss and notify}
Session ID: 97a271901b1a365072d2021e2f5ab935
*** Element info: {Using=xpath, value=//a[@class=&amp;apos;btn auto-width&amp;apos; and text()=&amp;apos;Send Notification&amp;apos;]}">
      <![CDATA[org.openqa.selenium.NoSuchElementException: no such element: Unable to locate element: {"method":"xpath","selector":"//a[@class='btn auto-width' and text()='Send Notification']"}  (Session info: chrome=79.0.3945.88)For documentation on this error, please visit: https://www.seleniumhq.org/exceptions/no_such_element.htmlBuild info: version: '3.141.59', revision: 'e82be7d358', time: '2018-11-14T08:17:03'System info: host: 'ARP-260', ip: '10.0.75.1', os.name: 'Windows 10', os.arch: 'amd64', os.version: '10.0', java.version: '1.8.0_231'Driver info: org.openqa.selenium.chrome.ChromeDriverCapabilities {acceptInsecureCerts: false, browserName: chrome, browserVersion: 79.0.3945.88, chrome: {chromedriverVersion: 78.0.3904.70 (edb9c9f3de024..., userDataDir: C:\Users\SAIMA~1.TAB\AppDat...}, goog:chromeOptions: {debuggerAddress: localhost:64351}, javascriptEnabled: true, networkConnectionEnabled: false, pageLoadStrategy: normal, platform: XP, platformName: XP, proxy: Proxy(), setWindowRect: true, strictFileInteractability: false, timeouts: {implicit: 0, pageLoad: 300000, script: 30000}, unhandledPromptBehavior: dismiss and notify}Session ID: 97a271901b1a365072d2021e2f5ab935*** Element info: {Using=xpath, value=//a[@class='btn auto-width' and text()='Send Notification']}at org.openqa.selenium.remote.http.W3CHttpResponseCodec.createException(W3CHttpResponseCodec.java:187)at org.openqa.selenium.remote.http.W3CHttpResponseCodec.decode(W3CHttpResponseCodec.java:122)at org.openqa.selenium.remote.http.W3CHttpResponseCodec.decode(W3CHttpResponseCodec.java:49)at org.openqa.selenium.remote.HttpCommandExecutor.execute(HttpCommandExecutor.java:164)at org.openqa.selenium.remote.service.DriverCommandExecutor.execute(DriverCommandExecutor.java:83)at org.openqa.selenium.remote.RemoteWebDriver.execute(RemoteWebDriver.java:601)at org.openqa.selenium.remote.RemoteWebDriver.findElement(RemoteWebDriver.java:371)at org.openqa.selenium.remote.RemoteWebDriver.findElementByXPath(RemoteWebDriver.java:473)at org.openqa.selenium.By$ByXPath.findElement(By.java:353)at org.openqa.selenium.remote.RemoteWebDriver.findElement(RemoteWebDriver.java:363)at CustomerPortal.Home.NotificationPage.getSendNotificationBtn(NotificationPage.java:49)at tests.OldSmokeTests.ValidateSendNotifications(OldSmokeTests.java:2513)... Removed 28 stack frames]]>
    </failure>
  </testcase> <!-- ValidateSendNotifications -->
  <testcase name="ValidateProviderPage" time="0.067" classname="tests.OldSmokeTests">
    <failure type="java.lang.AssertionError" message="User not able to reach provider page after clicking on catalog tab from the header of the page expected [Providers - CCM] but found []">
      <![CDATA[java.lang.AssertionError: User not able to reach provider page after clicking on catalog tab from the header of the page expected [Providers - CCM] but found []at tests.OldSmokeTests.ValidateProviderPage(OldSmokeTests.java:2560)... Removed 30 stack frames]]>
    </failure>
  </testcase> <!-- ValidateProviderPage -->
  <testcase name="ValidateProviderExport" time="0.071" classname="tests.OldSmokeTests"/>
  <testcase name="ValidateEditProvider" time="0.048" classname="tests.OldSmokeTests">
    <failure type="java.lang.AssertionError" message="When clicking on edit provider link from dropdown on provider page then user is not nevigating to edit provider page expected [Edit Provider - CCM] but found [null]">
      <![CDATA[java.lang.AssertionError: When clicking on edit provider link from dropdown on provider page then user is not nevigating to edit provider page expected [Edit Provider - CCM] but found [null]at tests.OldSmokeTests.ValidateEditProvider(OldSmokeTests.java:2639)... Removed 30 stack frames]]>
    </failure>
  </testcase> <!-- ValidateEditProvider -->
  <testcase name="ValidateAddProvider" time="0.043" classname="tests.OldSmokeTests">
    <failure type="java.lang.AssertionError" message="User not able to reach provider page after clicking on catalog tab from the header of the page expected [Add a Provider - CCM] but found []">
      <![CDATA[java.lang.AssertionError: User not able to reach provider page after clicking on catalog tab from the header of the page expected [Add a Provider - CCM] but found []at tests.OldSmokeTests.ValidateAddProvider(OldSmokeTests.java:2669)... Removed 30 stack frames]]>
    </failure>
  </testcase> <!-- ValidateAddProvider -->
  <testcase name="ValidateServicesPage" time="0.063" classname="tests.OldSmokeTests">
    <failure type="java.lang.AssertionError" message="User not able to reach service page after clicking on service tab from the catalog session expected [Catalog Services - CCM] but found []">
      <![CDATA[java.lang.AssertionError: User not able to reach service page after clicking on service tab from the catalog session expected [Catalog Services - CCM] but found []at tests.OldSmokeTests.ValidateServicesPage(OldSmokeTests.java:2701)... Removed 30 stack frames]]>
    </failure>
  </testcase> <!-- ValidateServicesPage -->
  <testcase name="ValidateServiceExport" time="0.049" classname="tests.OldSmokeTests"/>
  <testcase name="ValidateEditService" time="0.04" classname="tests.OldSmokeTests">
    <failure type="java.lang.AssertionError" message="When clicking on edit Service link from dropdown on service&amp;apos;s page then user is not nevigating to edit service page expected [Edit Services - CCM] but found []">
      <![CDATA[java.lang.AssertionError: When clicking on edit Service link from dropdown on service's page then user is not nevigating to edit service page expected [Edit Services - CCM] but found []at tests.OldSmokeTests.ValidateEditService(OldSmokeTests.java:2776)... Removed 30 stack frames]]>
    </failure>
  </testcase> <!-- ValidateEditService -->
  <testcase name="ValidateLoginUser" time="0.0" classname="tests.OldSmokeTests">
    <ignored/>
  </testcase> <!-- ValidateLoginUser -->
  <testcase name="ValidateSetNotifications" time="0.0" classname="tests.OldSmokeTests">
    <ignored/>
  </testcase> <!-- ValidateSetNotifications -->
  <testcase name="ValidateAccountSettings" time="0.0" classname="tests.OldSmokeTests">
    <ignored/>
  </testcase> <!-- ValidateAccountSettings -->
  <testcase name="ValidateMyAccountList" time="0.0" classname="tests.OldSmokeTests">
    <ignored/>
  </testcase> <!-- ValidateMyAccountList -->
</testsuite> <!-- ValidateLinkTest -->
