<?xml version="1.0" encoding="UTF-8"?>
<!-- Generated by org.testng.reporters.JUnitXMLReporter -->
<testsuite hostname="DESKTOP-GAH683G" failures="1" tests="29" name="ValidateSmokeTests" time="517.652" errors="0" timestamp="16 Mar 2018 10:09:53 GMT">
  <testcase classname="smokeTestFirefox.ValidateSmokeTest" name="ValidateLogin" time="42.039"/>
  <testcase classname="smokeTestFirefox.ValidateSmokeTest" name="ValidateFavoriteIcon" time="53.557"/>
  <testcase classname="smokeTestFirefox.ValidateSmokeTest" name="ValidateSearching" time="13.066"/>
  <testcase classname="smokeTestFirefox.ValidateSmokeTest" name="ValidateAddToCart" time="14.389"/>
  <testcase classname="smokeTestFirefox.ValidateSmokeTest" name="ValidateAddTofavorites" time="2.726"/>
  <testcase classname="smokeTestFirefox.ValidateSmokeTest" name="ValidatePDP" time="15.786"/>
  <testcase classname="smokeTestFirefox.ValidateSmokeTest" name="ValidateRecentViewLink" time="3.329"/>
  <testcase classname="smokeTestFirefox.ValidateSmokeTest" name="ValidateFooterLogo" time="4.828"/>
  <testcase classname="smokeTestFirefox.ValidateSmokeTest" name="ValidateMyProfNavigation" time="7.776"/>
  <testcase classname="smokeTestFirefox.ValidateSmokeTest" name="ValidateHeaderLogo" time="5.068"/>
  <testcase classname="smokeTestFirefox.ValidateSmokeTest" name="ValidateStandardsCatalog" time="5.077"/>
  <testcase classname="smokeTestFirefox.ValidateSmokeTest" name="ValidateAllProduct" time="5.085"/>
  <testcase classname="smokeTestFirefox.ValidateSmokeTest" name="ValidateAudioCablesCategory" time="11.557"/>
  <testcase classname="smokeTestFirefox.ValidateSmokeTest" name="ValidateResources" time="9.806"/>
  <testcase classname="smokeTestFirefox.ValidateSmokeTest" name="ValidateSpecialOffer" time="7.546"/>
  <testcase classname="smokeTestFirefox.ValidateSmokeTest" name="ValidateCartPage" time="9.609"/>
  <testcase classname="smokeTestFirefox.ValidateSmokeTest" name="ValidateRemoveFromCart" time="8.717"/>
  <testcase classname="smokeTestFirefox.ValidateSmokeTest" name="ValidateCheckoutProcess" time="28.7"/>
  <testcase classname="smokeTestFirefox.ValidateSmokeTest" name="ValidateCheckoutHeaderLogo" time="4.174"/>
  <testcase classname="smokeTestFirefox.ValidateSmokeTest" name="ValidateCheckoutFooterLogo" time="3.614"/>
  <testcase classname="smokeTestFirefox.ValidateSmokeTest" name="ValidateFooterLinks" time="28.376"/>
  <testcase classname="smokeTestFirefox.ValidateSmokeTest" name="ValidateTrackpage" time="6.315"/>
  <testcase classname="smokeTestFirefox.ValidateSmokeTest" name="ValidateordersPage" time="10.355"/>
  <testcase classname="smokeTestFirefox.ValidateSmokeTest" name="ValidatePurchaseAnalysisPage" time="4.599"/>
  <testcase classname="smokeTestFirefox.ValidateSmokeTest" name="ValidatePAEmail" time="1.882"/>
  <testcase classname="smokeTestFirefox.ValidateSmokeTest" name="ValidateCalendarPage" time="9.824"/>
  <testcase classname="smokeTestFirefox.ValidateSmokeTest" name="ValidateCalendarLinks" time="14.466"/>
  <testcase classname="smokeTestFirefox.ValidateSmokeTest" name="ValidateAllReportsLinks" time="178.24">
    <failure type="org.openqa.selenium.TimeoutException" message="Expected condition failed: waiting for element to be clickable: [[FirefoxDriver: firefox on ANY (bad546d0-eafe-486b-9e79-9b52e7e38f24)] -&amp;gt; xpath: (//a[text()=&amp;apos;Receiving Log&amp;apos;])[3]] (tried for 100 second(s) with 500 MILLISECONDS interval)
Build info: version: &amp;apos;3.4.0&amp;apos;, revision: &amp;apos;unknown&amp;apos;, time: &amp;apos;unknown&amp;apos;
System info: host: &amp;apos;DESKTOP-GAH683G&amp;apos;, ip: &amp;apos;10.0.2.15&amp;apos;, os.name: &amp;apos;Windows 10&amp;apos;, os.arch: &amp;apos;amd64&amp;apos;, os.version: &amp;apos;10.0&amp;apos;, java.version: &amp;apos;9.0.1&amp;apos;
Driver info: org.openqa.selenium.firefox.FirefoxDriver
Capabilities [{moz:profile=C:\Users\bilaw\AppData\Local\Temp\rust_mozprofile.b60270ilwOLH, rotatable=false, timeouts={implicit=0.0, pageLoad=300000.0, script=30000.0}, pageLoadStrategy=normal, moz:headless=false, platform=ANY, moz:accessibilityChecks=false, moz:useNonSpecCompliantPointerOrigin=false, acceptInsecureCerts=false, browserVersion=59.0, platformVersion=10.0, moz:processID=3064.0, browserName=firefox, javascriptEnabled=true, platformName=windows_nt, moz:webdriverClick=true}]
Session ID: bad546d0-eafe-486b-9e79-9b52e7e38f24">
      <![CDATA[org.openqa.selenium.TimeoutException: Expected condition failed: waiting for element to be clickable: [[FirefoxDriver: firefox on ANY (bad546d0-eafe-486b-9e79-9b52e7e38f24)] -> xpath: (//a[text()='Receiving Log'])[3]] (tried for 100 second(s) with 500 MILLISECONDS interval)
Build info: version: '3.4.0', revision: 'unknown', time: 'unknown'
System info: host: 'DESKTOP-GAH683G', ip: '10.0.2.15', os.name: 'Windows 10', os.arch: 'amd64', os.version: '10.0', java.version: '9.0.1'
Driver info: org.openqa.selenium.firefox.FirefoxDriver
Capabilities [{moz:profile=C:\Users\bilaw\AppData\Local\Temp\rust_mozprofile.b60270ilwOLH, rotatable=false, timeouts={implicit=0.0, pageLoad=300000.0, script=30000.0}, pageLoadStrategy=normal, moz:headless=false, platform=ANY, moz:accessibilityChecks=false, moz:useNonSpecCompliantPointerOrigin=false, acceptInsecureCerts=false, browserVersion=59.0, platformVersion=10.0, moz:processID=3064.0, browserName=firefox, javascriptEnabled=true, platformName=windows_nt, moz:webdriverClick=true}]
Session ID: bad546d0-eafe-486b-9e79-9b52e7e38f24
	at org.openqa.selenium.support.ui.WebDriverWait.timeoutException(WebDriverWait.java:80)
	at org.openqa.selenium.support.ui.FluentWait.until(FluentWait.java:232)
	at smokeTestFirefox.ValidateSmokeTest.ValidateAllReportsLinks(ValidateSmokeTest.java:1148)
... Removed 24 stack frames]]>
    </failure>
  </testcase> <!-- ValidateAllReportsLinks -->
  <testcase classname="smokeTestFirefox.ValidateSmokeTest" name="ValidateSavedReports" time="6.59"/>
</testsuite> <!-- ValidateSmokeTests -->
