<?xml version="1.0" encoding="UTF-8"?>
<!-- Generated by org.testng.reporters.JUnitXMLReporter -->
<testsuite hostname="ARP-260" ignored="0" name="Validate Link Managment Portal Test" tests="1" failures="0" timestamp="11 Dec 2019 12:07:36 GMT" time="149.036" errors="0">
  <testcase name="@BeforeClass launchBrowser1" time="149.014" classname="tests.ValidateLinks_Management_Portal">
    <failure type="java.lang.NoClassDefFoundError" message="org/openqa/selenium/WrapsDriver">
      <![CDATA[java.lang.NoClassDefFoundError: org/openqa/selenium/WrapsDriverat org.openqa.selenium.support.ui.WebDriverWait.timeoutException(WebDriverWait.java:97)at org.openqa.selenium.support.ui.FluentWait.until(FluentWait.java:272)at tests.ValidateLinks_Management_Portal.launchBrowser1(ValidateLinks_Management_Portal.java:121)Caused by: java.lang.ClassNotFoundException: org.openqa.selenium.WrapsDriverat java.net.URLClassLoader.findClass(URLClassLoader.java:382)at java.lang.ClassLoader.loadClass(ClassLoader.java:418)at sun.misc.Launcher$AppClassLoader.loadClass(Launcher.java:355)at java.lang.ClassLoader.loadClass(ClassLoader.java:351)... 29 more... Removed 26 stack frames]]>
    </failure>
  </testcase> <!-- @BeforeClass launchBrowser1 -->
  <testcase name="@AfterClass closebrowser1" time="0.0" classname="tests.ValidateLinks_Management_Portal">
    <skipped/>
  </testcase> <!-- @AfterClass closebrowser1 -->
  <testcase name="ValidateLinks1" time="0.0" classname="tests.ValidateLinks_Management_Portal">
    <skipped/>
  </testcase> <!-- ValidateLinks1 -->
</testsuite> <!-- Validate Link Managment Portal Test -->
