<?xml version="1.0" encoding="UTF-8"?>
<!-- Generated by org.testng.reporters.JUnitReportReporter -->
<testsuite skipped="6" hostname="DESKTOP-B75F35K" name="smokeTest.ValidateSmokeTest" tests="65" failures="1" timestamp="29 May 2019 07:36:21 GMT" time="916.237" errors="0">
  <testcase name="ValidateLogin" time="54.397" classname="smokeTest.ValidateSmokeTest"/>
  <testcase name="ValidateMarkITPlacePage" time="9.611" classname="smokeTest.ValidateSmokeTest"/>
  <testcase name="ValidateDiscoverPage" time="7.216" classname="smokeTest.ValidateSmokeTest"/>
  <testcase name="ValidateApplicationPage" time="8.536" classname="smokeTest.ValidateSmokeTest"/>
  <testcase name="ValidateInfrastructurePage" time="6.197" classname="smokeTest.ValidateSmokeTest"/>
  <testcase name="ValidateManageTab" time="80.050" classname="smokeTest.ValidateSmokeTest"/>
  <testcase name="ValidateInsightTab" time="16.311" classname="smokeTest.ValidateSmokeTest"/>
  <testcase name="ValidateFooterNotificationPage" time="41.258" classname="smokeTest.ValidateSmokeTest"/>
  <testcase name="ValidateLogo" time="9.078" classname="smokeTest.ValidateSmokeTest"/>
  <testcase name="ValidateMyProfile" time="32.409" classname="smokeTest.ValidateSmokeTest"/>
  <testcase name="ValidateEditProfile" time="34.250" classname="smokeTest.ValidateSmokeTest"/>
  <testcase name="ValidateChangePassword" time="47.034" classname="smokeTest.ValidateSmokeTest"/>
  <testcase name="ValidateCatalogRestriction" time="15.030" classname="smokeTest.ValidateSmokeTest"/>
  <testcase name="ValidateDomainLink" time="22.920" classname="smokeTest.ValidateSmokeTest"/>
  <testcase name="ValidateAddressPage" time="76.032" classname="smokeTest.ValidateSmokeTest"/>
  <testcase name="ValidateUsersPage" time="51.842" classname="smokeTest.ValidateSmokeTest"/>
  <testcase name="ValidateRequestTab" time="2.286" classname="smokeTest.ValidateSmokeTest"/>
  <testcase name="ValidateInviteTab" time="2.260" classname="smokeTest.ValidateSmokeTest"/>
  <testcase name="ValidateSearching" time="7.198" classname="smokeTest.ValidateSmokeTest"/>
  <testcase name="ValidateLogout" time="5.616" classname="smokeTest.ValidateSmokeTest"/>
  <testcase name="ValidateManagementFPswd" time="14.332" classname="smokeTest.ValidateSmokeTest"/>
  <testcase name="ValidateManagementLogin" time="32.829" classname="smokeTest.ValidateSmokeTest"/>
  <testcase name="ValidateMngmntSETUPTab" time="10.677" classname="smokeTest.ValidateSmokeTest"/>
  <testcase name="ValidateUserHover" time="3.883" classname="smokeTest.ValidateSmokeTest"/>
  <testcase name="ValidateAddNewRole" time="3.924" classname="smokeTest.ValidateSmokeTest"/>
  <testcase name="ValidateEditRole" time="2.292" classname="smokeTest.ValidateSmokeTest"/>
  <testcase name="ValidateCreateUser" time="4.848" classname="smokeTest.ValidateSmokeTest"/>
  <testcase name="ValidateAccountsPage" time="33.321" classname="smokeTest.ValidateSmokeTest"/>
  <testcase name="ValidateSelectFields" time="0.325" classname="smokeTest.ValidateSmokeTest"/>
  <testcase name="ValidateExportBtn" time="0.234" classname="smokeTest.ValidateSmokeTest"/>
  <testcase name="ValidateSubscription" time="8.152" classname="smokeTest.ValidateSmokeTest"/>
  <testcase name="ValidateSubsSelectFields" time="0.193" classname="smokeTest.ValidateSmokeTest"/>
  <testcase name="ValidateSubsExport" time="0.243" classname="smokeTest.ValidateSmokeTest"/>
  <testcase name="ValidateEditSubs" time="0.536" classname="smokeTest.ValidateSmokeTest"/>
  <testcase name="ValidateAssumeRole" time="25.190" classname="smokeTest.ValidateSmokeTest"/>
  <testcase name="ValidateFooterSubscription" time="7.145" classname="smokeTest.ValidateSmokeTest"/>
  <testcase name="ValidateFooterAccount" time="15.152" classname="smokeTest.ValidateSmokeTest"/>
  <testcase name="ValidateEditAccount" time="17.134" classname="smokeTest.ValidateSmokeTest"/>
  <testcase name="ValidateEditSave" time="18.626" classname="smokeTest.ValidateSmokeTest"/>
  <testcase name="ValidateFooterLogo" time="0.884" classname="smokeTest.ValidateSmokeTest"/>
  <testcase name="ValidateCategories" time="9.148" classname="smokeTest.ValidateSmokeTest"/>
  <testcase name="ValidateSyncCategories" time="0.767" classname="smokeTest.ValidateSmokeTest"/>
  <testcase name="ValidateCategoryExport" time="10.610" classname="smokeTest.ValidateSmokeTest"/>
  <testcase name="ValidateSelectFieldCateg" time="0.226" classname="smokeTest.ValidateSmokeTest"/>
  <testcase name="ValidateEditCategory" time="10.704" classname="smokeTest.ValidateSmokeTest"/>
  <testcase name="ValidateDomainsPage" time="25.467" classname="smokeTest.ValidateSmokeTest"/>
  <testcase name="ValidateDomainExport" time="0.474" classname="smokeTest.ValidateSmokeTest"/>
  <testcase name="ValidateRequestPage" time="16.947" classname="smokeTest.ValidateSmokeTest"/>
  <testcase name="ValidateRequestExport" time="0.180" classname="smokeTest.ValidateSmokeTest"/>
  <testcase name="ValidateNotifications" time="20.042" classname="smokeTest.ValidateSmokeTest"/>
  <testcase name="NotificationExport" time="5.294" classname="smokeTest.ValidateSmokeTest"/>
  <testcase name="ValidateSendNotifications" time="15.938" classname="smokeTest.ValidateSmokeTest"/>
  <testcase name="ValidateProviderPage" time="1.559" classname="smokeTest.ValidateSmokeTest"/>
  <testcase name="ValidateProviderExport" time="5.225" classname="smokeTest.ValidateSmokeTest"/>
  <testcase name="ValidateEditProvider" time="32.067" classname="smokeTest.ValidateSmokeTest">
    <failure type="java.lang.AssertionError" message="Dropdown arrow or Edit providor dropdown option is not appearing on provider&#039;s page expected [true] but found [false]">
      <![CDATA[java.lang.AssertionError: Dropdown arrow or Edit providor dropdown option is not appearing on provider's page expected [true] but found [false]at org.testng.Assert.fail(Assert.java:96)at org.testng.Assert.failNotEquals(Assert.java:776)at org.testng.Assert.assertEqualsImpl(Assert.java:137)at org.testng.Assert.assertEquals(Assert.java:118)at org.testng.Assert.assertEquals(Assert.java:568)at smokeTest.ValidateSmokeTest.ValidateEditProvider(ValidateSmokeTest.java:2879)at sun.reflect.NativeMethodAccessorImpl.invoke0(Native Method)at sun.reflect.NativeMethodAccessorImpl.invoke(Unknown Source)at sun.reflect.DelegatingMethodAccessorImpl.invoke(Unknown Source)at java.lang.reflect.Method.invoke(Unknown Source)at org.testng.internal.MethodInvocationHelper.invokeMethod(MethodInvocationHelper.java:124)at org.testng.internal.Invoker.invokeMethod(Invoker.java:571)at org.testng.internal.Invoker.invokeTestMethod(Invoker.java:707)at org.testng.internal.Invoker.invokeTestMethods(Invoker.java:979)at org.testng.internal.TestMethodWorker.invokeTestMethods(TestMethodWorker.java:125)at org.testng.internal.TestMethodWorker.run(TestMethodWorker.java:109)at org.testng.TestRunner.privateRun(TestRunner.java:648)at org.testng.TestRunner.run(TestRunner.java:505)at org.testng.SuiteRunner.runTest(SuiteRunner.java:455)at org.testng.SuiteRunner.runSequentially(SuiteRunner.java:450)at org.testng.SuiteRunner.privateRun(SuiteRunner.java:415)at org.testng.SuiteRunner.run(SuiteRunner.java:364)at org.testng.SuiteRunnerWorker.runSuite(SuiteRunnerWorker.java:52)at org.testng.SuiteRunnerWorker.run(SuiteRunnerWorker.java:84)at org.testng.TestNG.runSuitesSequentially(TestNG.java:1187)at org.testng.TestNG.runSuitesLocally(TestNG.java:1116)at org.testng.TestNG.runSuites(TestNG.java:1028)at org.testng.TestNG.run(TestNG.java:996)at org.testng.remote.AbstractRemoteTestNG.run(AbstractRemoteTestNG.java:114)at org.testng.remote.RemoteTestNG.initAndRun(RemoteTestNG.java:251)at org.testng.remote.RemoteTestNG.main(RemoteTestNG.java:77)]]>
    </failure>
  </testcase> <!-- ValidateEditProvider -->
  <testcase name="ValidateAddProvider" time="13.808" classname="smokeTest.ValidateSmokeTest"/>
  <testcase name="ValidateServicesPage" time="2.256" classname="smokeTest.ValidateSmokeTest"/>
  <testcase name="ValidateServiceExport" time="5.263" classname="smokeTest.ValidateSmokeTest"/>
  <testcase name="ValidateEditService" time="10.811" classname="smokeTest.ValidateSmokeTest"/>
  <testcase name="ValidateAccountSettings" classname="smokeTest.ValidateSmokeTest">
    <skipped/>
  </testcase> <!-- ValidateAccountSettings -->
  <testcase name="ValidateSetNotifications" classname="smokeTest.ValidateSmokeTest">
    <skipped/>
  </testcase> <!-- ValidateSetNotifications -->
  <testcase name="ValidateLoginUser" classname="smokeTest.ValidateSmokeTest">
    <skipped/>
  </testcase> <!-- ValidateLoginUser -->
  <testcase name="ValidateRegPage" classname="smokeTest.ValidateSmokeTest">
    <skipped/>
  </testcase> <!-- ValidateRegPage -->
  <testcase name="ValidateForgetPswd" classname="smokeTest.ValidateSmokeTest">
    <skipped/>
  </testcase> <!-- ValidateForgetPswd -->
  <testcase name="ValidateMyAccountList" classname="smokeTest.ValidateSmokeTest">
    <skipped/>
  </testcase> <!-- ValidateMyAccountList -->
</testsuite> <!-- smokeTest.ValidateSmokeTest -->
