<?xml version="1.0" encoding="UTF-8"?>
<!-- Generated by org.testng.reporters.JUnitReportReporter -->
<testsuite skipped="2" hostname="ARP-260" name="tests.OldRegressionTests" tests="26" failures="1" timestamp="03 Feb 2020 12:52:00 GMT" time="578.299" errors="1">
  <testcase name="ValidateLogin" time="42.368" classname="tests.OldRegressionTests"/>
  <testcase name="ValidateHomePage" time="11.360" classname="tests.OldRegressionTests"/>
  <testcase name="ValidateServicesGetBtn" time="8.052" classname="tests.OldRegressionTests"/>
  <testcase name="ValidateProcurementCheckout" time="0.033" classname="tests.OldRegressionTests"/>
  <testcase name="ValidateProcurementOrder" time="0.001" classname="tests.OldRegressionTests"/>
  <testcase name="ValidateNotificationPage" time="25.075" classname="tests.OldRegressionTests">
    <failure type="java.lang.AssertionError" message="User not able to land to the notification page after clicking on the bell icon from the header expected [Notifications - CCM] but found [Marketplace - CCM]">
      <![CDATA[java.lang.AssertionError: User not able to land to the notification page after clicking on the bell icon from the header expected [Notifications - CCM] but found [Marketplace - CCM]at org.testng.Assert.fail(Assert.java:96)at org.testng.Assert.failNotEquals(Assert.java:776)at org.testng.Assert.assertEqualsImpl(Assert.java:137)at org.testng.Assert.assertEquals(Assert.java:118)at org.testng.Assert.assertEquals(Assert.java:453)at tests.OldRegressionTests.ValidateNotificationPage(OldRegressionTests.java:325)at sun.reflect.NativeMethodAccessorImpl.invoke0(Native Method)at sun.reflect.NativeMethodAccessorImpl.invoke(NativeMethodAccessorImpl.java:62)at sun.reflect.DelegatingMethodAccessorImpl.invoke(DelegatingMethodAccessorImpl.java:43)at java.lang.reflect.Method.invoke(Method.java:498)at org.testng.internal.MethodInvocationHelper.invokeMethod(MethodInvocationHelper.java:124)at org.testng.internal.Invoker.invokeMethod(Invoker.java:571)at org.testng.internal.Invoker.invokeTestMethod(Invoker.java:707)at org.testng.internal.Invoker.invokeTestMethods(Invoker.java:979)at org.testng.internal.TestMethodWorker.invokeTestMethods(TestMethodWorker.java:125)at org.testng.internal.TestMethodWorker.run(TestMethodWorker.java:109)at org.testng.TestRunner.privateRun(TestRunner.java:648)at org.testng.TestRunner.run(TestRunner.java:505)at org.testng.SuiteRunner.runTest(SuiteRunner.java:455)at org.testng.SuiteRunner.runSequentially(SuiteRunner.java:450)at org.testng.SuiteRunner.privateRun(SuiteRunner.java:415)at org.testng.SuiteRunner.run(SuiteRunner.java:364)at org.testng.SuiteRunnerWorker.runSuite(SuiteRunnerWorker.java:52)at org.testng.SuiteRunnerWorker.run(SuiteRunnerWorker.java:84)at org.testng.TestNG.runSuitesSequentially(TestNG.java:1187)at org.testng.TestNG.runSuitesLocally(TestNG.java:1116)at org.testng.TestNG.runSuites(TestNG.java:1028)at org.testng.TestNG.run(TestNG.java:996)at org.testng.remote.AbstractRemoteTestNG.run(AbstractRemoteTestNG.java:115)at org.testng.remote.RemoteTestNG.initAndRun(RemoteTestNG.java:251)at org.testng.remote.RemoteTestNG.main(RemoteTestNG.java:77)]]>
    </failure>
  </testcase> <!-- ValidateNotificationPage -->
  <testcase name="ValidateInviteEmail" time="77.959" classname="tests.OldRegressionTests"/>
  <testcase name="ValidateSearchUser" time="35.228" classname="tests.OldRegressionTests"/>
  <testcase name="ValidateManageDomain" time="33.267" classname="tests.OldRegressionTests"/>
  <testcase name="ValidateEditProfile" time="20.013" classname="tests.OldRegressionTests"/>
  <testcase name="ValidateUpload_Logo" time="30.214" classname="tests.OldRegressionTests"/>
  <testcase name="ValidateAddressofUse" time="14.175" classname="tests.OldRegressionTests"/>
  <testcase name="ValidateCatalogRestrictions" time="66.063" classname="tests.OldRegressionTests"/>
  <testcase name="ValidateChangePassword" time="46.604" classname="tests.OldRegressionTests">
    <error type="org.openqa.selenium.NoSuchElementException" message="no such element: Unable to locate element: {&quot;method&quot;:&quot;xpath&quot;,&quot;selector&quot;:&quot;//span[text()=&#039;Password must have at least 8 characters and contain uppercase, lowercase letters and numbers&#039;]&quot;}
  (Session info: chrome=79.0.3945.130)
For documentation on this error, please visit: https://www.seleniumhq.org/exceptions/no_such_element.html
Build info: version: &#039;3.141.59&#039;, revision: &#039;e82be7d358&#039;, time: &#039;2018-11-14T08:17:03&#039;
System info: host: &#039;ARP-260&#039;, ip: &#039;10.0.75.1&#039;, os.name: &#039;Windows 10&#039;, os.arch: &#039;amd64&#039;, os.version: &#039;10.0&#039;, java.version: &#039;1.8.0_231&#039;
Driver info: org.openqa.selenium.chrome.ChromeDriver
Capabilities {acceptInsecureCerts: false, browserName: chrome, browserVersion: 79.0.3945.130, chrome: {chromedriverVersion: 78.0.3904.70 (edb9c9f3de024..., userDataDir: C:\Users\SAIMA~1.TAB\AppDat...}, goog:chromeOptions: {debuggerAddress: localhost:63594}, javascriptEnabled: true, networkConnectionEnabled: false, pageLoadStrategy: normal, platform: XP, platformName: XP, proxy: Proxy(), setWindowRect: true, strictFileInteractability: false, timeouts: {implicit: 0, pageLoad: 300000, script: 30000}, unhandledPromptBehavior: dismiss and notify}
Session ID: b1af9276db53d16341ef0575522bf7b7
*** Element info: {Using=xpath, value=//span[text()=&#039;Password must have at least 8 characters and contain uppercase, lowercase letters and numbers&#039;]}">
      <![CDATA[org.openqa.selenium.NoSuchElementException: no such element: Unable to locate element: {"method":"xpath","selector":"//span[text()='Password must have at least 8 characters and contain uppercase, lowercase letters and numbers']"}  (Session info: chrome=79.0.3945.130)For documentation on this error, please visit: https://www.seleniumhq.org/exceptions/no_such_element.htmlBuild info: version: '3.141.59', revision: 'e82be7d358', time: '2018-11-14T08:17:03'System info: host: 'ARP-260', ip: '10.0.75.1', os.name: 'Windows 10', os.arch: 'amd64', os.version: '10.0', java.version: '1.8.0_231'Driver info: org.openqa.selenium.chrome.ChromeDriverCapabilities {acceptInsecureCerts: false, browserName: chrome, browserVersion: 79.0.3945.130, chrome: {chromedriverVersion: 78.0.3904.70 (edb9c9f3de024..., userDataDir: C:\Users\SAIMA~1.TAB\AppDat...}, goog:chromeOptions: {debuggerAddress: localhost:63594}, javascriptEnabled: true, networkConnectionEnabled: false, pageLoadStrategy: normal, platform: XP, platformName: XP, proxy: Proxy(), setWindowRect: true, strictFileInteractability: false, timeouts: {implicit: 0, pageLoad: 300000, script: 30000}, unhandledPromptBehavior: dismiss and notify}Session ID: b1af9276db53d16341ef0575522bf7b7*** Element info: {Using=xpath, value=//span[text()='Password must have at least 8 characters and contain uppercase, lowercase letters and numbers']}at sun.reflect.NativeConstructorAccessorImpl.newInstance0(Native Method)at sun.reflect.NativeConstructorAccessorImpl.newInstance(NativeConstructorAccessorImpl.java:62)at sun.reflect.DelegatingConstructorAccessorImpl.newInstance(DelegatingConstructorAccessorImpl.java:45)at java.lang.reflect.Constructor.newInstance(Constructor.java:423)at org.openqa.selenium.remote.http.W3CHttpResponseCodec.createException(W3CHttpResponseCodec.java:187)at org.openqa.selenium.remote.http.W3CHttpResponseCodec.decode(W3CHttpResponseCodec.java:122)at org.openqa.selenium.remote.http.W3CHttpResponseCodec.decode(W3CHttpResponseCodec.java:49)at org.openqa.selenium.remote.HttpCommandExecutor.execute(HttpCommandExecutor.java:164)at org.openqa.selenium.remote.service.DriverCommandExecutor.execute(DriverCommandExecutor.java:83)at org.openqa.selenium.remote.RemoteWebDriver.execute(RemoteWebDriver.java:601)at org.openqa.selenium.remote.RemoteWebDriver.findElement(RemoteWebDriver.java:371)at org.openqa.selenium.remote.RemoteWebDriver.findElementByXPath(RemoteWebDriver.java:473)at org.openqa.selenium.By$ByXPath.findElement(By.java:353)at org.openqa.selenium.remote.RemoteWebDriver.findElement(RemoteWebDriver.java:363)at CustomerPortal.Home.ChangePassword.getSmallPswdMsg(ChangePassword.java:56)at tests.OldRegressionTests.ValidateChangePassword(OldRegressionTests.java:806)at sun.reflect.NativeMethodAccessorImpl.invoke0(Native Method)at sun.reflect.NativeMethodAccessorImpl.invoke(NativeMethodAccessorImpl.java:62)at sun.reflect.DelegatingMethodAccessorImpl.invoke(DelegatingMethodAccessorImpl.java:43)at java.lang.reflect.Method.invoke(Method.java:498)at org.testng.internal.MethodInvocationHelper.invokeMethod(MethodInvocationHelper.java:124)at org.testng.internal.Invoker.invokeMethod(Invoker.java:571)at org.testng.internal.Invoker.invokeTestMethod(Invoker.java:707)at org.testng.internal.Invoker.invokeTestMethods(Invoker.java:979)at org.testng.internal.TestMethodWorker.invokeTestMethods(TestMethodWorker.java:125)at org.testng.internal.TestMethodWorker.run(TestMethodWorker.java:109)at org.testng.TestRunner.privateRun(TestRunner.java:648)at org.testng.TestRunner.run(TestRunner.java:505)at org.testng.SuiteRunner.runTest(SuiteRunner.java:455)at org.testng.SuiteRunner.runSequentially(SuiteRunner.java:450)at org.testng.SuiteRunner.privateRun(SuiteRunner.java:415)at org.testng.SuiteRunner.run(SuiteRunner.java:364)at org.testng.SuiteRunnerWorker.runSuite(SuiteRunnerWorker.java:52)at org.testng.SuiteRunnerWorker.run(SuiteRunnerWorker.java:84)at org.testng.TestNG.runSuitesSequentially(TestNG.java:1187)at org.testng.TestNG.runSuitesLocally(TestNG.java:1116)at org.testng.TestNG.runSuites(TestNG.java:1028)at org.testng.TestNG.run(TestNG.java:996)at org.testng.remote.AbstractRemoteTestNG.run(AbstractRemoteTestNG.java:115)at org.testng.remote.RemoteTestNG.initAndRun(RemoteTestNG.java:251)at org.testng.remote.RemoteTestNG.main(RemoteTestNG.java:77)]]>
    </error>
  </testcase> <!-- ValidateChangePassword -->
  <testcase name="ValidatePaymentMethod" time="29.417" classname="tests.OldRegressionTests"/>
  <testcase name="ValidateDiscover" time="37.259" classname="tests.OldRegressionTests"/>
  <testcase name="ValidateApplicationsLink" time="26.691" classname="tests.OldRegressionTests"/>
  <testcase name="ValidateInfrastructureLink" time="19.649" classname="tests.OldRegressionTests"/>
  <testcase name="ValidatePlatformLink" time="7.838" classname="tests.OldRegressionTests"/>
  <testcase name="ValidateConsultingLink" time="7.614" classname="tests.OldRegressionTests"/>
  <testcase name="ValidateSearching" time="12.403" classname="tests.OldRegressionTests"/>
  <testcase name="ValidateLogOut" time="1.077" classname="tests.OldRegressionTests"/>
  <testcase name="ValidateInvalidPassword" time="6.245" classname="tests.OldRegressionTests"/>
  <testcase name="ValidateForgetPassword" time="19.694" classname="tests.OldRegressionTests"/>
  <testcase name="ValidateLockedUser" classname="tests.OldRegressionTests">
    <skipped/>
  </testcase> <!-- ValidateLockedUser -->
  <testcase name="ValidateInvaliduser3Times" classname="tests.OldRegressionTests">
    <skipped/>
  </testcase> <!-- ValidateInvaliduser3Times -->
</testsuite> <!-- tests.OldRegressionTests -->
